# JRE version: Java(TM) SE Runtime Environment (14.0.2+12) (build 14.0.2+12-46)
# Java VM: Java HotSpot(TM) 64-Bit Server VM (14.0.2+12-46, mixed mode, sharing, tiered, compressed oops, g1 gc, windows-amd64)
Heap:
 garbage-first heap   total 131072K, used 76506K [0x0000000081400000, 0x0000000100000000)
  region size 1024K, 76 young (77824K), 6 survivors (6144K)
 Metaspace       used 19785K, capacity 20320K, committed 20480K, reserved 1067008K
  class space    used 2483K, capacity 2700K, committed 2816K, reserved 1048576K
GC Heap History (8 events):
Event: 0.295 GC heap before
{Heap before GC invocations=0 (full 0):
 garbage-first heap   total 131072K, used 23552K [0x0000000081400000, 0x0000000100000000)
  region size 1024K, 23 young (23552K), 0 survivors (0K)
 Metaspace       used 1293K, capacity 4784K, committed 4864K, reserved 1056768K
  class space    used 129K, capacity 444K, committed 512K, reserved 1048576K
}
Event: 0.298 GC heap after
{Heap after GC invocations=1 (full 0):
 garbage-first heap   total 131072K, used 2036K [0x0000000081400000, 0x0000000100000000)
  region size 1024K, 2 young (2048K), 2 survivors (2048K)
 Metaspace       used 1293K, capacity 4784K, committed 4864K, reserved 1056768K
  class space    used 129K, capacity 444K, committed 512K, reserved 1048576K
}
Event: 0.567 GC heap before
{Heap before GC invocations=1 (full 0):
 garbage-first heap   total 131072K, used 33780K [0x0000000081400000, 0x0000000100000000)
  region size 1024K, 34 young (34816K), 2 survivors (2048K)
 Metaspace       used 3169K, capacity 5819K, committed 6016K, reserved 1056768K
  class space    used 327K, capacity 600K, committed 640K, reserved 1048576K
}
Event: 0.572 GC heap after
{Heap after GC invocations=2 (full 0):
 garbage-first heap   total 131072K, used 3058K [0x0000000081400000, 0x0000000100000000)
  region size 1024K, 3 young (3072K), 3 survivors (3072K)
 Metaspace       used 3169K, capacity 5819K, committed 6016K, reserved 1056768K
  class space    used 327K, capacity 600K, committed 640K, reserved 1048576K
}
Event: 1.134 GC heap before
{Heap before GC invocations=2 (full 0):
 garbage-first heap   total 131072K, used 77810K [0x0000000081400000, 0x0000000100000000)
  region size 1024K, 76 young (77824K), 3 survivors (3072K)
 Metaspace       used 7676K, capacity 9044K, committed 9344K, reserved 1056768K
  class space    used 917K, capacity 1083K, committed 1152K, reserved 1048576K
}
Event: 1.140 GC heap after
{Heap after GC invocations=3 (full 0):
 garbage-first heap   total 131072K, used 4471K [0x0000000081400000, 0x0000000100000000)
  region size 1024K, 5 young (5120K), 5 survivors (5120K)
 Metaspace       used 7676K, capacity 9044K, committed 9344K, reserved 1056768K
  class space    used 917K, capacity 1083K, committed 1152K, reserved 1048576K
}
Event: 1.509 GC heap before
{Heap before GC invocations=3 (full 0):
 garbage-first heap   total 131072K, used 77175K [0x0000000081400000, 0x0000000100000000)
  region size 1024K, 76 young (77824K), 5 survivors (5120K)
 Metaspace       used 13274K, capacity 13830K, committed 13952K, reserved 1060864K
  class space    used 1723K, capacity 1859K, committed 1920K, reserved 1048576K
}
Event: 1.517 GC heap after
{Heap after GC invocations=4 (full 0):
 garbage-first heap   total 131072K, used 5850K [0x0000000081400000, 0x0000000100000000)
  region size 1024K, 6 young (6144K), 6 survivors (6144K)
 Metaspace       used 13274K, capacity 13830K, committed 13952K, reserved 1060864K
  class space    used 1723K, capacity 1859K, committed 1920K, reserved 1048576K
}

